<?xml version="1.0" encoding="UTF-8"?>
<!-- Generated by org.testng.reporters.JUnitXMLReporter -->
<testsuite ignored="2" hostname="PUN-LAP-SINGHM" failures="0" tests="11" name="Test1" time="62.367" errors="0" timestamp="2023-09-27T18:15:55 IST">
  <testcase classname="formType.ButtonTest" name="radio" time="2.123"/>
  <testcase classname="formType.ButtonTest" name="checkBox" time="2.114"/>
  <testcase classname="formType.ButtonTest" name="dropdown" time="2.118"/>
  <testcase classname="formType.ButtonTest" name="dropdown" time="2.109"/>
  <testcase classname="formType.ButtonTest" name="dropdown" time="2.068"/>
  <testcase classname="formType.ButtonTest" name="select" time="0.086"/>
  <testcase classname="formType.LoginTest" name="verifyValidLogin" time="2.272"/>
  <testcase classname="formType.LoginTest" name="verifyInvalidLogin" time="2.182"/>
  <testcase classname="formType.LoginTest" name="verifyWithoutPasswordLogin" time="2.193"/>
  <testcase classname="formType.LoginTest" name="verifyWithoutUsernameLogin" time="2.185"/>
  <testcase classname="formType.InputTest" name="inputName" time="2.227"/>
  <testcase classname="formType.LoginTest" name="verifyWithoutUsernameAndPasswordLogin" time="0.0">
    <ignored/>
  </testcase> <!-- verifyWithoutUsernameAndPasswordLogin -->
  <testcase classname="formType.InputTest" name="date" time="0.0">
    <ignored/>
  </testcase> <!-- date -->
</testsuite> <!-- Test1 -->
