<?xml version="1.0" encoding="UTF-8"?>
<!-- Generated by org.testng.reporters.JUnitXMLReporter -->
<testsuite ignored="0" hostname="PUN-LAP-SINGHM" failures="0" tests="23" name="Test1" time="95.324" errors="0" timestamp="2023-10-04T10:11:51 IST">
  <testcase classname="formType.ButtonTest" name="radio" time="2.122"/>
  <testcase classname="formType.ButtonTest" name="checkBox" time="2.113"/>
  <testcase classname="formType.ButtonTest" name="dropdown" time="2.102"/>
  <testcase classname="formType.ButtonTest" name="dropdown" time="2.067"/>
  <testcase classname="formType.ButtonTest" name="dropdown" time="2.049"/>
  <testcase classname="formType.ButtonTest" name="select" time="2.119"/>
  <testcase classname="formType.ButtonTest" name="newWindow" time="2.093"/>
  <testcase classname="formType.ButtonTest" name="doubleClick" time="7.463"/>
  <testcase classname="formType.AletTest" name="alert1" time="0.089"/>
  <testcase classname="formType.AletTest" name="alert2" time="0.076"/>
  <testcase classname="formType.AletTest" name="alert3" time="0.063"/>
  <testcase classname="formType.TableTest" name="table" time="0.042"/>
  <testcase classname="formType.TableTest" name="paginationTable" time="0.055"/>
  <testcase classname="formType.LoginTest" name="verifyValidLogin" time="4.851"/>
  <testcase classname="formType.LoginTest" name="verifyInvalidLogin" time="2.208"/>
  <testcase classname="formType.LoginTest" name="verifyWithoutPasswordLogin" time="2.17"/>
  <testcase classname="formType.LoginTest" name="verifyWithoutUsernameLogin" time="2.184"/>
  <testcase classname="formType.LoginTest" name="verifyWithoutUsernameAndPasswordLogin" time="2.179"/>
  <testcase classname="formType.InputTest" name="inputName" time="2.197"/>
  <testcase classname="formType.InputTest" name="date" time="2.772"/>
  <testcase classname="formType.InputTest" name="dragDrop" time="2.296"/>
  <testcase classname="formType.InputTest" name="slider" time="2.413"/>
  <testcase classname="formType.InputTest" name="resizable" time="5.488"/>
</testsuite> <!-- Test1 -->
