<?xml version="1.0" encoding="UTF-8"?>
<!-- Generated by org.testng.reporters.JUnitXMLReporter -->
<testsuite ignored="4" hostname="PUN-LAP-SINGHM" failures="0" tests="1" name="Default test" time="14.733" errors="0" timestamp="2023-10-04T10:06:46 IST">
  <testcase classname="formType.InputTest" name="date" time="2.795"/>
  <testcase classname="formType.InputTest" name="inputName" time="0.0">
    <ignored/>
  </testcase> <!-- inputName -->
  <testcase classname="formType.InputTest" name="resizable" time="0.0">
    <ignored/>
  </testcase> <!-- resizable -->
  <testcase classname="formType.InputTest" name="dragDrop" time="0.0">
    <ignored/>
  </testcase> <!-- dragDrop -->
  <testcase classname="formType.InputTest" name="slider" time="0.0">
    <ignored/>
  </testcase> <!-- slider -->
</testsuite> <!-- Default test -->
