<?xml version="1.0" encoding="UTF-8"?>
<testng-results ignored="0" total="23" passed="23" failed="0" skipped="0">
  <reporter-output>
  </reporter-output>
  <suite started-at="2023-10-04T10:10:15 IST" name="Suite1" finished-at="2023-10-04T10:11:51 IST" duration-ms="95324">
    <groups>
    </groups>
    <test started-at="2023-10-04T10:10:15 IST" name="Test1" finished-at="2023-10-04T10:11:51 IST" duration-ms="95324">
      <class name="formType.AletTest">
        <test-method is-config="true" signature="onStart()[pri:0, instance:formType.AletTest@1c5920df]" started-at="2023-10-04T10:10:49 IST" name="onStart" finished-at="2023-10-04T10:10:58 IST" duration-ms="9190" status="PASS">
          <reporter-output>
          </reporter-output>
        </test-method> <!-- onStart -->
        <test-method signature="alert1()[pri:1, instance:formType.AletTest@1c5920df]" started-at="2023-10-04T10:10:58 IST" name="alert1" finished-at="2023-10-04T10:10:58 IST" duration-ms="89" status="PASS">
          <reporter-output>
          </reporter-output>
        </test-method> <!-- alert1 -->
        <test-method signature="alert2()[pri:2, instance:formType.AletTest@1c5920df]" started-at="2023-10-04T10:10:58 IST" name="alert2" finished-at="2023-10-04T10:10:58 IST" duration-ms="76" status="PASS">
          <reporter-output>
          </reporter-output>
        </test-method> <!-- alert2 -->
        <test-method signature="alert3()[pri:3, instance:formType.AletTest@1c5920df]" started-at="2023-10-04T10:10:58 IST" name="alert3" finished-at="2023-10-04T10:10:58 IST" duration-ms="63" status="PASS">
          <reporter-output>
          </reporter-output>
        </test-method> <!-- alert3 -->
        <test-method is-config="true" signature="terminate()[pri:0, instance:formType.AletTest@1c5920df]" started-at="2023-10-04T10:10:58 IST" name="terminate" finished-at="2023-10-04T10:10:59 IST" duration-ms="342" status="PASS">
          <reporter-output>
          </reporter-output>
        </test-method> <!-- terminate -->
      </class> <!-- formType.AletTest -->
      <class name="formType.LoginTest">
        <test-method is-config="true" signature="onStart()[pri:0, instance:formType.LoginTest@79e4c792]" started-at="2023-10-04T10:11:08 IST" name="onStart" finished-at="2023-10-04T10:11:10 IST" duration-ms="2058" status="PASS">
          <reporter-output>
          </reporter-output>
        </test-method> <!-- onStart -->
        <test-method signature="verifyValidLogin()[pri:1, instance:formType.LoginTest@79e4c792]" started-at="2023-10-04T10:11:10 IST" name="verifyValidLogin" finished-at="2023-10-04T10:11:15 IST" duration-ms="4851" status="PASS">
          <reporter-output>
          </reporter-output>
        </test-method> <!-- verifyValidLogin -->
        <test-method signature="verifyInvalidLogin()[pri:2, instance:formType.LoginTest@79e4c792]" started-at="2023-10-04T10:11:15 IST" name="verifyInvalidLogin" finished-at="2023-10-04T10:11:18 IST" duration-ms="2208" status="PASS">
          <reporter-output>
          </reporter-output>
        </test-method> <!-- verifyInvalidLogin -->
        <test-method signature="verifyWithoutPasswordLogin()[pri:3, instance:formType.LoginTest@79e4c792]" started-at="2023-10-04T10:11:18 IST" name="verifyWithoutPasswordLogin" finished-at="2023-10-04T10:11:20 IST" duration-ms="2170" status="PASS">
          <reporter-output>
          </reporter-output>
        </test-method> <!-- verifyWithoutPasswordLogin -->
        <test-method signature="verifyWithoutUsernameLogin()[pri:4, instance:formType.LoginTest@79e4c792]" started-at="2023-10-04T10:11:20 IST" name="verifyWithoutUsernameLogin" finished-at="2023-10-04T10:11:22 IST" duration-ms="2184" status="PASS">
          <reporter-output>
          </reporter-output>
        </test-method> <!-- verifyWithoutUsernameLogin -->
        <test-method signature="verifyWithoutUsernameAndPasswordLogin()[pri:5, instance:formType.LoginTest@79e4c792]" started-at="2023-10-04T10:11:22 IST" name="verifyWithoutUsernameAndPasswordLogin" finished-at="2023-10-04T10:11:24 IST" duration-ms="2179" status="PASS">
          <reporter-output>
          </reporter-output>
        </test-method> <!-- verifyWithoutUsernameAndPasswordLogin -->
        <test-method is-config="true" signature="terminate()[pri:0, instance:formType.LoginTest@79e4c792]" started-at="2023-10-04T10:11:24 IST" name="terminate" finished-at="2023-10-04T10:11:24 IST" duration-ms="370" status="PASS">
          <reporter-output>
          </reporter-output>
        </test-method> <!-- terminate -->
      </class> <!-- formType.LoginTest -->
      <class name="formType.TableTest">
        <test-method is-config="true" signature="onStart()[pri:0, instance:formType.TableTest@17f9d882]" started-at="2023-10-04T10:10:59 IST" name="onStart" finished-at="2023-10-04T10:11:08 IST" duration-ms="9312" status="PASS">
          <reporter-output>
          </reporter-output>
        </test-method> <!-- onStart -->
        <test-method signature="table()[pri:1, instance:formType.TableTest@17f9d882]" started-at="2023-10-04T10:11:08 IST" name="table" finished-at="2023-10-04T10:11:08 IST" duration-ms="42" status="PASS">
          <reporter-output>
          </reporter-output>
        </test-method> <!-- table -->
        <test-method signature="paginationTable()[pri:2, instance:formType.TableTest@17f9d882]" started-at="2023-10-04T10:11:08 IST" name="paginationTable" finished-at="2023-10-04T10:11:08 IST" duration-ms="55" status="PASS">
          <reporter-output>
          </reporter-output>
        </test-method> <!-- paginationTable -->
        <test-method is-config="true" signature="terminate()[pri:0, instance:formType.TableTest@17f9d882]" started-at="2023-10-04T10:11:08 IST" name="terminate" finished-at="2023-10-04T10:11:08 IST" duration-ms="387" status="PASS">
          <reporter-output>
          </reporter-output>
        </test-method> <!-- terminate -->
      </class> <!-- formType.TableTest -->
      <class name="formType.ButtonTest">
        <test-method is-config="true" signature="onStart()[pri:0, instance:formType.ButtonTest@4b013c76]" started-at="2023-10-04T10:10:15 IST" name="onStart" finished-at="2023-10-04T10:10:26 IST" duration-ms="10647" status="PASS">
          <reporter-output>
          </reporter-output>
        </test-method> <!-- onStart -->
        <test-method signature="radio()[pri:1, instance:formType.ButtonTest@4b013c76]" started-at="2023-10-04T10:10:26 IST" name="radio" finished-at="2023-10-04T10:10:28 IST" duration-ms="2122" status="PASS">
          <reporter-output>
          </reporter-output>
        </test-method> <!-- radio -->
        <test-method signature="checkBox()[pri:2, instance:formType.ButtonTest@4b013c76]" started-at="2023-10-04T10:10:28 IST" name="checkBox" finished-at="2023-10-04T10:10:30 IST" duration-ms="2113" status="PASS">
          <reporter-output>
          </reporter-output>
        </test-method> <!-- checkBox -->
        <test-method signature="dropdown(java.lang.String)[pri:3, instance:formType.ButtonTest@4b013c76]" started-at="2023-10-04T10:10:30 IST" name="dropdown" data-provider="dataSupplier" finished-at="2023-10-04T10:10:33 IST" duration-ms="2102" status="PASS">
          <params>
            <param index="0">
              <value>
                <![CDATA[//*[@id='country']/option[@value = 'india']]]>
              </value>
            </param>
          </params>
          <reporter-output>
          </reporter-output>
        </test-method> <!-- dropdown -->
        <test-method signature="dropdown(java.lang.String)[pri:3, instance:formType.ButtonTest@4b013c76]" started-at="2023-10-04T10:10:33 IST" name="dropdown" data-provider="dataSupplier" finished-at="2023-10-04T10:10:35 IST" duration-ms="2067" status="PASS">
          <params>
            <param index="0">
              <value>
                <![CDATA[//*[@id='country']/option[@value = 'france']]]>
              </value>
            </param>
          </params>
          <reporter-output>
          </reporter-output>
        </test-method> <!-- dropdown -->
        <test-method signature="dropdown(java.lang.String)[pri:3, instance:formType.ButtonTest@4b013c76]" started-at="2023-10-04T10:10:35 IST" name="dropdown" data-provider="dataSupplier" finished-at="2023-10-04T10:10:37 IST" duration-ms="2049" status="PASS">
          <params>
            <param index="0">
              <value>
                <![CDATA[//*[@id='country']/option[@value = 'china']]]>
              </value>
            </param>
          </params>
          <reporter-output>
          </reporter-output>
        </test-method> <!-- dropdown -->
        <test-method signature="select()[pri:4, instance:formType.ButtonTest@4b013c76]" started-at="2023-10-04T10:10:37 IST" name="select" finished-at="2023-10-04T10:10:39 IST" duration-ms="2119" status="PASS">
          <reporter-output>
          </reporter-output>
        </test-method> <!-- select -->
        <test-method signature="newWindow()[pri:5, instance:formType.ButtonTest@4b013c76]" started-at="2023-10-04T10:10:39 IST" name="newWindow" finished-at="2023-10-04T10:10:41 IST" duration-ms="2093" status="PASS">
          <reporter-output>
          </reporter-output>
        </test-method> <!-- newWindow -->
        <test-method signature="doubleClick()[pri:6, instance:formType.ButtonTest@4b013c76]" started-at="2023-10-04T10:10:41 IST" name="doubleClick" finished-at="2023-10-04T10:10:48 IST" duration-ms="7463" status="PASS">
          <reporter-output>
          </reporter-output>
        </test-method> <!-- doubleClick -->
        <test-method is-config="true" signature="terminate()[pri:0, instance:formType.ButtonTest@4b013c76]" started-at="2023-10-04T10:10:48 IST" name="terminate" finished-at="2023-10-04T10:10:49 IST" duration-ms="516" status="PASS">
          <reporter-output>
          </reporter-output>
        </test-method> <!-- terminate -->
      </class> <!-- formType.ButtonTest -->
      <class name="formType.InputTest">
        <test-method is-config="true" signature="onStart()[pri:0, instance:formType.InputTest@196a42c3]" started-at="2023-10-04T10:11:24 IST" name="onStart" finished-at="2023-10-04T10:11:35 IST" duration-ms="10725" status="PASS">
          <reporter-output>
          </reporter-output>
        </test-method> <!-- onStart -->
        <test-method signature="inputName()[pri:1, instance:formType.InputTest@196a42c3]" started-at="2023-10-04T10:11:35 IST" name="inputName" finished-at="2023-10-04T10:11:37 IST" duration-ms="2197" status="PASS">
          <reporter-output>
          </reporter-output>
        </test-method> <!-- inputName -->
        <test-method signature="date()[pri:2, instance:formType.InputTest@196a42c3]" started-at="2023-10-04T10:11:37 IST" name="date" finished-at="2023-10-04T10:11:40 IST" duration-ms="2772" status="PASS">
          <reporter-output>
          </reporter-output>
        </test-method> <!-- date -->
        <test-method signature="dragDrop()[pri:3, instance:formType.InputTest@196a42c3]" started-at="2023-10-04T10:11:40 IST" name="dragDrop" finished-at="2023-10-04T10:11:42 IST" duration-ms="2296" status="PASS">
          <reporter-output>
          </reporter-output>
        </test-method> <!-- dragDrop -->
        <test-method signature="slider()[pri:4, instance:formType.InputTest@196a42c3]" started-at="2023-10-04T10:11:42 IST" name="slider" finished-at="2023-10-04T10:11:45 IST" duration-ms="2413" status="PASS">
          <reporter-output>
          </reporter-output>
        </test-method> <!-- slider -->
        <test-method signature="resizable()[pri:5, instance:formType.InputTest@196a42c3]" started-at="2023-10-04T10:11:45 IST" name="resizable" finished-at="2023-10-04T10:11:50 IST" duration-ms="5488" status="PASS">
          <reporter-output>
          </reporter-output>
        </test-method> <!-- resizable -->
        <test-method is-config="true" signature="terminate()[pri:0, instance:formType.InputTest@196a42c3]" started-at="2023-10-04T10:11:50 IST" name="terminate" finished-at="2023-10-04T10:11:51 IST" duration-ms="450" status="PASS">
          <reporter-output>
          </reporter-output>
        </test-method> <!-- terminate -->
      </class> <!-- formType.InputTest -->
    </test> <!-- Test1 -->
  </suite> <!-- Suite1 -->
</testng-results>
