<?xml version="1.0" encoding="UTF-8"?>
<testng-results ignored="0" total="11" passed="11" failed="0" skipped="0">
  <reporter-output>
  </reporter-output>
  <suite started-at="2023-09-27T18:14:53 IST" name="Suite" finished-at="2023-09-27T18:15:55 IST" duration-ms="62367">
    <groups>
    </groups>
    <test started-at="2023-09-27T18:14:53 IST" name="Test1" finished-at="2023-09-27T18:15:55 IST" duration-ms="62367">
      <class name="formType.LoginTest">
        <test-method is-config="true" signature="onStart()[pri:0, instance:formType.LoginTest@4be29ed9]" started-at="2023-09-27T18:15:15 IST" name="onStart" finished-at="2023-09-27T18:15:20 IST" duration-ms="4372" status="PASS">
          <reporter-output>
          </reporter-output>
        </test-method> <!-- onStart -->
        <test-method signature="verifyValidLogin()[pri:1, instance:formType.LoginTest@4be29ed9]" started-at="2023-09-27T18:15:20 IST" name="verifyValidLogin" finished-at="2023-09-27T18:15:22 IST" duration-ms="2272" status="PASS">
          <reporter-output>
          </reporter-output>
        </test-method> <!-- verifyValidLogin -->
        <test-method is-config="true" signature="terminate()[pri:0, instance:formType.LoginTest@4be29ed9]" started-at="2023-09-27T18:15:22 IST" name="terminate" finished-at="2023-09-27T18:15:22 IST" duration-ms="387" status="PASS">
          <reporter-output>
          </reporter-output>
        </test-method> <!-- terminate -->
        <test-method is-config="true" signature="onStart()[pri:0, instance:formType.LoginTest@4be29ed9]" started-at="2023-09-27T18:15:22 IST" name="onStart" finished-at="2023-09-27T18:15:27 IST" duration-ms="4426" status="PASS">
          <reporter-output>
          </reporter-output>
        </test-method> <!-- onStart -->
        <test-method signature="verifyInvalidLogin()[pri:2, instance:formType.LoginTest@4be29ed9]" started-at="2023-09-27T18:15:27 IST" name="verifyInvalidLogin" finished-at="2023-09-27T18:15:29 IST" duration-ms="2182" status="PASS">
          <reporter-output>
          </reporter-output>
        </test-method> <!-- verifyInvalidLogin -->
        <test-method is-config="true" signature="terminate()[pri:0, instance:formType.LoginTest@4be29ed9]" started-at="2023-09-27T18:15:29 IST" name="terminate" finished-at="2023-09-27T18:15:29 IST" duration-ms="391" status="PASS">
          <reporter-output>
          </reporter-output>
        </test-method> <!-- terminate -->
        <test-method is-config="true" signature="onStart()[pri:0, instance:formType.LoginTest@4be29ed9]" started-at="2023-09-27T18:15:29 IST" name="onStart" finished-at="2023-09-27T18:15:33 IST" duration-ms="4189" status="PASS">
          <reporter-output>
          </reporter-output>
        </test-method> <!-- onStart -->
        <test-method signature="verifyWithoutPasswordLogin()[pri:3, instance:formType.LoginTest@4be29ed9]" started-at="2023-09-27T18:15:33 IST" name="verifyWithoutPasswordLogin" finished-at="2023-09-27T18:15:36 IST" duration-ms="2193" status="PASS">
          <reporter-output>
          </reporter-output>
        </test-method> <!-- verifyWithoutPasswordLogin -->
        <test-method is-config="true" signature="terminate()[pri:0, instance:formType.LoginTest@4be29ed9]" started-at="2023-09-27T18:15:36 IST" name="terminate" finished-at="2023-09-27T18:15:36 IST" duration-ms="434" status="PASS">
          <reporter-output>
          </reporter-output>
        </test-method> <!-- terminate -->
        <test-method is-config="true" signature="onStart()[pri:0, instance:formType.LoginTest@4be29ed9]" started-at="2023-09-27T18:15:36 IST" name="onStart" finished-at="2023-09-27T18:15:41 IST" duration-ms="4901" status="PASS">
          <reporter-output>
          </reporter-output>
        </test-method> <!-- onStart -->
        <test-method signature="verifyWithoutUsernameLogin()[pri:4, instance:formType.LoginTest@4be29ed9]" started-at="2023-09-27T18:15:41 IST" name="verifyWithoutUsernameLogin" finished-at="2023-09-27T18:15:43 IST" duration-ms="2185" status="PASS">
          <reporter-output>
          </reporter-output>
        </test-method> <!-- verifyWithoutUsernameLogin -->
        <test-method is-config="true" signature="terminate()[pri:0, instance:formType.LoginTest@4be29ed9]" started-at="2023-09-27T18:15:43 IST" name="terminate" finished-at="2023-09-27T18:15:44 IST" duration-ms="371" status="PASS">
          <reporter-output>
          </reporter-output>
        </test-method> <!-- terminate -->
      </class> <!-- formType.LoginTest -->
      <class name="formType.ButtonTest">
        <test-method is-config="true" signature="onStart()[pri:0, instance:formType.ButtonTest@74e28667]" started-at="2023-09-27T18:14:53 IST" name="onStart" finished-at="2023-09-27T18:15:04 IST" duration-ms="11418" status="PASS">
          <reporter-output>
          </reporter-output>
        </test-method> <!-- onStart -->
        <test-method signature="radio()[pri:1, instance:formType.ButtonTest@74e28667]" started-at="2023-09-27T18:15:04 IST" name="radio" finished-at="2023-09-27T18:15:06 IST" duration-ms="2123" status="PASS">
          <reporter-output>
          </reporter-output>
        </test-method> <!-- radio -->
        <test-method signature="checkBox()[pri:2, instance:formType.ButtonTest@74e28667]" started-at="2023-09-27T18:15:06 IST" name="checkBox" finished-at="2023-09-27T18:15:08 IST" duration-ms="2114" status="PASS">
          <reporter-output>
          </reporter-output>
        </test-method> <!-- checkBox -->
        <test-method signature="dropdown(java.lang.String)[pri:3, instance:formType.ButtonTest@74e28667]" started-at="2023-09-27T18:15:08 IST" name="dropdown" data-provider="dataSupplier" finished-at="2023-09-27T18:15:11 IST" duration-ms="2118" status="PASS">
          <params>
            <param index="0">
              <value>
                <![CDATA[//*[@id="country"]/option[5]]]>
              </value>
            </param>
          </params>
          <reporter-output>
          </reporter-output>
        </test-method> <!-- dropdown -->
        <test-method signature="dropdown(java.lang.String)[pri:3, instance:formType.ButtonTest@74e28667]" started-at="2023-09-27T18:15:11 IST" name="dropdown" data-provider="dataSupplier" finished-at="2023-09-27T18:15:13 IST" duration-ms="2109" status="PASS">
          <params>
            <param index="0">
              <value>
                <![CDATA[//*[@id="country"]/option[8]]]>
              </value>
            </param>
          </params>
          <reporter-output>
          </reporter-output>
        </test-method> <!-- dropdown -->
        <test-method signature="dropdown(java.lang.String)[pri:3, instance:formType.ButtonTest@74e28667]" started-at="2023-09-27T18:15:13 IST" name="dropdown" data-provider="dataSupplier" finished-at="2023-09-27T18:15:15 IST" duration-ms="2068" status="PASS">
          <params>
            <param index="0">
              <value>
                <![CDATA[//*[@id="country"]/option[6]]]>
              </value>
            </param>
          </params>
          <reporter-output>
          </reporter-output>
        </test-method> <!-- dropdown -->
        <test-method signature="select()[pri:4, instance:formType.ButtonTest@74e28667]" started-at="2023-09-27T18:15:15 IST" name="select" finished-at="2023-09-27T18:15:15 IST" duration-ms="86" status="PASS">
          <reporter-output>
          </reporter-output>
        </test-method> <!-- select -->
        <test-method is-config="true" signature="terminate()[pri:0, instance:formType.ButtonTest@74e28667]" started-at="2023-09-27T18:15:15 IST" name="terminate" finished-at="2023-09-27T18:15:15 IST" duration-ms="383" status="PASS">
          <reporter-output>
          </reporter-output>
        </test-method> <!-- terminate -->
      </class> <!-- formType.ButtonTest -->
      <class name="formType.InputTest">
        <test-method is-config="true" signature="onStart()[pri:0, instance:formType.InputTest@1c5920df]" started-at="2023-09-27T18:15:44 IST" name="onStart" finished-at="2023-09-27T18:15:52 IST" duration-ms="8932" status="PASS">
          <reporter-output>
          </reporter-output>
        </test-method> <!-- onStart -->
        <test-method signature="inputName()[pri:1, instance:formType.InputTest@1c5920df]" started-at="2023-09-27T18:15:52 IST" name="inputName" finished-at="2023-09-27T18:15:55 IST" duration-ms="2227" status="PASS">
          <reporter-output>
          </reporter-output>
        </test-method> <!-- inputName -->
        <test-method is-config="true" signature="terminate()[pri:0, instance:formType.InputTest@1c5920df]" started-at="2023-09-27T18:15:55 IST" name="terminate" finished-at="2023-09-27T18:15:55 IST" duration-ms="379" status="PASS">
          <reporter-output>
          </reporter-output>
        </test-method> <!-- terminate -->
      </class> <!-- formType.InputTest -->
    </test> <!-- Test1 -->
  </suite> <!-- Suite -->
</testng-results>
